<?xml version="1.0" encoding="UTF-8"?>
<!-- Generated by org.testng.reporters.JUnitReportReporter -->
<testsuite skipped="0" hostname="SAMMSA-ANIK" name="com.qa.tests.LoginTests" tests="1" failures="0" timestamp="2020-05-08T00:09:20 IST" time="11.090" errors="0">
  <testcase name="Login_with_Restricted_Userid" time="11.090" classname="com.qa.tests.LoginTests"/>
  <system-out/>
</testsuite> <!-- com.qa.tests.LoginTests -->
